<?xml version="1.0" encoding="UTF-8"?>
<!-- Generated by org.testng.reporters.JUnitXMLReporter -->
<testsuite ignored="4" hostname="LTIN186771" failures="1" tests="21" name="Test" time="127.256" errors="0" timestamp="2024-02-28T10:49:17 IST">
  <testcase classname="Testcase.TC_001Doctor" name="click_LocationSearchBox" time="3.289"/>
  <testcase classname="Testcase.TC_001Doctor" name="Location" time="2.705"/>
  <testcase classname="Testcase.TC_001Doctor" name="click_SearchDentist" time="4.285"/>
  <testcase classname="Testcase.TC_001Doctor" name="click_PatientStories" time="5.258"/>
  <testcase classname="Testcase.TC_001Doctor" name="click_Experience" time="1.319"/>
  <testcase classname="Testcase.TC_001Doctor" name="click_ToApplyFilter" time="1.121"/>
  <testcase classname="Testcase.TC_001Doctor" name="select_fees" time="1.106"/>
  <testcase classname="Testcase.TC_001Doctor" name="click_ToApplyFilter2" time="1.145"/>
  <testcase classname="Testcase.TC_001Doctor" name="select_availability" time="1.111"/>
  <testcase classname="Testcase.TC_001Doctor" name="click_SortBy" time="2.704"/>
  <testcase classname="Testcase.TC_001Doctor" name="getDoctordetails" time="4.392"/>
  <testcase classname="Testcase.TC_002Surgeries" name="PopularSurgery" time="2.355"/>
  <testcase classname="Testcase.TC_002Surgeries" name="writeData" time="4.268"/>
  <testcase classname="Testcase.TC_003Form" name="Schedule_DemoForm" time="5.799"/>
  <testcase classname="Testcase.TC_003Form" name="get_Name" time="1.368"/>
  <testcase classname="Testcase.TC_003Form" name="get_invalidEmail" time="1.119"/>
  <testcase classname="Testcase.TC_003Form" name="get_OrganizationSize" time="1.161"/>
  <testcase classname="Testcase.TC_003Form" name="get_IntrestedIn" time="1.125"/>
  <testcase classname="Testcase.TC_003Form" name="schedule_Demo" time="1.117"/>
  <testcase classname="Testcase.TC_003Form" name="get_ValidEmail" time="30.325"/>
  <testcase classname="Testcase.TC_003Form" name="get_Thankyou" time="30.052">
    <failure type="org.openqa.selenium.NoSuchElementException" message="no such element: Unable to locate element: {&amp;quot;method&amp;quot;:&amp;quot;xpath&amp;quot;,&amp;quot;selector&amp;quot;:&amp;quot;(//div[text()=&amp;apos;THANK YOU&amp;apos;])&amp;quot;}
  (Session info: chrome=115.0.5790.99)
For documentation on this error, please visit: https://www.selenium.dev/documentation/webdriver/troubleshooting/errors#no-such-element-exception
Build info: version: &amp;apos;4.17.0&amp;apos;, revision: &amp;apos;e52b1be057*&amp;apos;
System info: os.name: &amp;apos;Windows 11&amp;apos;, os.arch: &amp;apos;amd64&amp;apos;, os.version: &amp;apos;10.0&amp;apos;, java.version: &amp;apos;17.0.7&amp;apos;
Driver info: org.openqa.selenium.chrome.ChromeDriver
Command: [f56090c717030839cb075d446d219a15, findElement {using=xpath, value=(//div[text()=&amp;apos;THANK YOU&amp;apos;])}]
Capabilities {acceptInsecureCerts: false, browserName: chrome, browserVersion: 115.0.5790.99, chrome: {chromedriverVersion: 115.0.5790.170 (cc0d30c2ca5..., userDataDir: C:\Windows\SystemTemp\scope...}, goog:chromeOptions: {debuggerAddress: localhost:59676}, networkConnectionEnabled: false, pageLoadStrategy: normal, platformName: windows, proxy: Proxy(), se:cdp: ws://localhost:59676/devtoo..., se:cdpVersion: 115.0.5790.99, setWindowRect: true, strictFileInteractability: false, timeouts: {implicit: 0, pageLoad: 300000, script: 30000}, unhandledPromptBehavior: dismiss and notify, webauthn:extension:credBlob: true, webauthn:extension:largeBlob: true, webauthn:extension:minPinLength: true, webauthn:extension:prf: true, webauthn:virtualAuthenticators: true}
Session ID: f56090c717030839cb075d446d219a15">
      <![CDATA[org.openqa.selenium.NoSuchElementException: no such element: Unable to locate element: {"method":"xpath","selector":"(//div[text()='THANK YOU'])"}
  (Session info: chrome=115.0.5790.99)
For documentation on this error, please visit: https://www.selenium.dev/documentation/webdriver/troubleshooting/errors#no-such-element-exception
Build info: version: '4.17.0', revision: 'e52b1be057*'
System info: os.name: 'Windows 11', os.arch: 'amd64', os.version: '10.0', java.version: '17.0.7'
Driver info: org.openqa.selenium.chrome.ChromeDriver
Command: [f56090c717030839cb075d446d219a15, findElement {using=xpath, value=(//div[text()='THANK YOU'])}]
Capabilities {acceptInsecureCerts: false, browserName: chrome, browserVersion: 115.0.5790.99, chrome: {chromedriverVersion: 115.0.5790.170 (cc0d30c2ca5..., userDataDir: C:\Windows\SystemTemp\scope...}, goog:chromeOptions: {debuggerAddress: localhost:59676}, networkConnectionEnabled: false, pageLoadStrategy: normal, platformName: windows, proxy: Proxy(), se:cdp: ws://localhost:59676/devtoo..., se:cdpVersion: 115.0.5790.99, setWindowRect: true, strictFileInteractability: false, timeouts: {implicit: 0, pageLoad: 300000, script: 30000}, unhandledPromptBehavior: dismiss and notify, webauthn:extension:credBlob: true, webauthn:extension:largeBlob: true, webauthn:extension:minPinLength: true, webauthn:extension:prf: true, webauthn:virtualAuthenticators: true}
Session ID: f56090c717030839cb075d446d219a15
at org.openqa.selenium.remote.codec.w3c.W3CHttpResponseCodec.createException(W3CHttpResponseCodec.java:185)
at org.openqa.selenium.remote.codec.w3c.W3CHttpResponseCodec.decode(W3CHttpResponseCodec.java:134)
at org.openqa.selenium.remote.codec.w3c.W3CHttpResponseCodec.decode(W3CHttpResponseCodec.java:51)
at org.openqa.selenium.remote.HttpCommandExecutor.execute(HttpCommandExecutor.java:190)
at org.openqa.selenium.remote.service.DriverCommandExecutor.invokeExecute(DriverCommandExecutor.java:216)
at org.openqa.selenium.remote.service.DriverCommandExecutor.execute(DriverCommandExecutor.java:174)
at org.openqa.selenium.remote.RemoteWebDriver.execute(RemoteWebDriver.java:519)
at org.openqa.selenium.remote.ElementLocation$ElementFinder$2.findElement(ElementLocation.java:165)
at org.openqa.selenium.remote.ElementLocation.findElement(ElementLocation.java:59)
at org.openqa.selenium.remote.RemoteWebDriver.findElement(RemoteWebDriver.java:356)
at org.openqa.selenium.remote.RemoteWebDriver.findElement(RemoteWebDriver.java:350)
at org.openqa.selenium.support.pagefactory.DefaultElementLocator.findElement(DefaultElementLocator.java:68)
at org.openqa.selenium.support.pagefactory.internal.LocatingElementHandler.invoke(LocatingElementHandler.java:38)
at jdk.proxy2/jdk.proxy2.$Proxy48.getText(Unknown Source)
at pageObjects.HealthandWellness.Thankyou(HealthandWellness.java:116)
at Testcase.TC_003Form.get_Thankyou(TC_003Form.java:74)
at java.base/java.util.ArrayList.forEach(ArrayList.java:1511)
... Removed 32 stack frames]]>
    </failure>
  </testcase> <!-- get_Thankyou -->
  <testcase classname="Test.BaseClass" name="@AfterTest tearDown" time="0.0">
    <ignored/>
  </testcase> <!-- @AfterTest tearDown -->
  <testcase classname="Test.BaseClass" name="@AfterTest tearDown" time="0.0">
    <ignored/>
  </testcase> <!-- @AfterTest tearDown -->
  <testcase classname="Test.BaseClass" name="@BeforeTest setup" time="0.0">
    <ignored/>
  </testcase> <!-- @BeforeTest setup -->
  <testcase classname="Test.BaseClass" name="@BeforeTest setup" time="0.0">
    <ignored/>
  </testcase> <!-- @BeforeTest setup -->
</testsuite> <!-- Test -->
